<?xml version="1.0" encoding="UTF-8"?>
<!-- Generated by org.testng.reporters.JUnitXMLReporter -->
<testsuite hostname="PB01A500" name="Administrator" tests="3" failures="0" timestamp="22 Jan 2016 17:34:36 GMT" time="30.224" errors="0">
  <testcase name="@BeforeClass beforeTest" time="0.0" classname="sfdcdemo.Demo">
    <failure type="java.lang.NullPointerException" message="null value in entry: url=null">
      <![CDATA[java.lang.NullPointerException: null value in entry: url=null
	at com.google.common.collect.CollectPreconditions.checkEntryNotNull(CollectPreconditions.java:33)
	at com.google.common.collect.SingletonImmutableBiMap.<init>(SingletonImmutableBiMap.java:39)
	at com.google.common.collect.ImmutableBiMap.of(ImmutableBiMap.java:57)
	at com.google.common.collect.ImmutableMap.of(ImmutableMap.java:80)
	at org.openqa.selenium.remote.RemoteWebDriver.get(RemoteWebDriver.java:304)
	at sfdcdemo.SetEnvVariables.setUpDriver(SetEnvVariables.java:69)
	at sfdcdemo.Demo.beforeTest(Demo.java:59)
	at org.apache.maven.surefire.testng.TestNGExecutor.run(TestNGExecutor.java:177)
	at org.apache.maven.surefire.testng.TestNGXmlTestSuite.execute(TestNGXmlTestSuite.java:92)
	at org.apache.maven.surefire.testng.TestNGProvider.invoke(TestNGProvider.java:105)
	at org.apache.maven.surefire.util.ReflectionUtils.invokeMethodWithArray(ReflectionUtils.java:189)
	at org.apache.maven.surefire.booter.ProviderFactory$ProviderProxy.invoke(ProviderFactory.java:165)
	at org.apache.maven.surefire.booter.ProviderFactory.invokeProvider(ProviderFactory.java:85)
	at org.apache.maven.surefire.booter.ForkedBooter.runSuitesInProcess(ForkedBooter.java:103)
	at org.apache.maven.surefire.booter.ForkedBooter.main(ForkedBooter.java:74)
... Removed 25 stack frames]]>
    </failure>
  </testcase> <!-- @BeforeClass beforeTest -->
  <testcase name="@AfterClass afterTest" time="0.0" classname="sfdcdemo.Demo">
    <skipped/>
  </testcase> <!-- @AfterClass afterTest -->
  <testcase name="testLogin" time="0.001" classname="sfdcdemo.Demo">
    <skipped/>
  </testcase> <!-- testLogin -->
  <testcase name="leadCreation" time="10.339" classname="sfdcdemo.CreateLead"/>
  <testcase name="testLead" time="3.959" classname="sfdcdemo.CreateLead"/>
</testsuite> <!-- Administrator -->
