<?xml version="1.0" encoding="UTF-8"?>
<testng-results skipped="1" failed="0" total="3" passed="2">
  <reporter-output>
  </reporter-output>
  <suite name="Suite" duration-ms="30224" started-at="2016-01-22T17:34:06Z" finished-at="2016-01-22T17:34:36Z">
    <groups>
    </groups>
    <test name="Administrator" duration-ms="30224" started-at="2016-01-22T17:34:06Z" finished-at="2016-01-22T17:34:36Z">
      <class name="sfdcdemo.CreateLead">
        <test-method status="PASS" signature="beforeTest()[pri:0, instance:sfdcdemo.CreateLead@70c73be3]" name="beforeTest" is-config="true" duration-ms="8347" started-at="2016-01-22T10:34:13Z" finished-at="2016-01-22T10:34:21Z">
          <reporter-output>
          </reporter-output>
        </test-method> <!-- beforeTest -->
        <test-method status="PASS" signature="leadCreation()[pri:0, instance:sfdcdemo.CreateLead@70c73be3]" name="leadCreation" duration-ms="10339" started-at="2016-01-22T10:34:21Z" finished-at="2016-01-22T10:34:31Z">
          <reporter-output>
          </reporter-output>
        </test-method> <!-- leadCreation -->
        <test-method status="PASS" signature="testLead()[pri:0, instance:sfdcdemo.CreateLead@70c73be3]" name="testLead" duration-ms="3959" started-at="2016-01-22T10:34:31Z" depends-on-methods="sfdcdemo.CreateLead.leadCreation" finished-at="2016-01-22T10:34:35Z">
          <reporter-output>
          </reporter-output>
        </test-method> <!-- testLead -->
        <test-method status="PASS" signature="afterTest()[pri:0, instance:sfdcdemo.CreateLead@70c73be3]" name="afterTest" is-config="true" duration-ms="353" started-at="2016-01-22T10:34:35Z" finished-at="2016-01-22T10:34:36Z">
          <reporter-output>
          </reporter-output>
        </test-method> <!-- afterTest -->
      </class> <!-- sfdcdemo.CreateLead -->
      <class name="sfdcdemo.Demo">
        <test-method status="FAIL" signature="beforeTest()[pri:0, instance:sfdcdemo.Demo@3e7cddcb]" name="beforeTest" is-config="true" duration-ms="0" started-at="2016-01-22T10:34:06Z" finished-at="2016-01-22T10:34:06Z">
          <exception class="java.lang.NullPointerException">
            <message>
              <![CDATA[null value in entry: url=null]]>
            </message>
            <full-stacktrace>
              <![CDATA[java.lang.NullPointerException: null value in entry: url=null
	at com.google.common.collect.CollectPreconditions.checkEntryNotNull(CollectPreconditions.java:33)
	at com.google.common.collect.SingletonImmutableBiMap.<init>(SingletonImmutableBiMap.java:39)
	at com.google.common.collect.ImmutableBiMap.of(ImmutableBiMap.java:57)
	at com.google.common.collect.ImmutableMap.of(ImmutableMap.java:80)
	at org.openqa.selenium.remote.RemoteWebDriver.get(RemoteWebDriver.java:304)
	at sfdcdemo.SetEnvVariables.setUpDriver(SetEnvVariables.java:69)
	at sfdcdemo.Demo.beforeTest(Demo.java:59)
	at sun.reflect.NativeMethodAccessorImpl.invoke0(Native Method)
	at sun.reflect.NativeMethodAccessorImpl.invoke(NativeMethodAccessorImpl.java:57)
	at sun.reflect.DelegatingMethodAccessorImpl.invoke(DelegatingMethodAccessorImpl.java:43)
	at java.lang.reflect.Method.invoke(Method.java:606)
	at org.testng.internal.MethodInvocationHelper.invokeMethod(MethodInvocationHelper.java:80)
	at org.testng.internal.Invoker.invokeConfigurationMethod(Invoker.java:564)
	at org.testng.internal.Invoker.invokeConfigurations(Invoker.java:213)
	at org.testng.internal.Invoker.invokeConfigurations(Invoker.java:138)
	at org.testng.internal.TestMethodWorker.invokeBeforeClassMethods(TestMethodWorker.java:175)
	at org.testng.internal.TestMethodWorker.run(TestMethodWorker.java:107)
	at org.testng.TestRunner.privateRun(TestRunner.java:767)
	at org.testng.TestRunner.run(TestRunner.java:617)
	at org.testng.SuiteRunner.runTest(SuiteRunner.java:334)
	at org.testng.SuiteRunner.runSequentially(SuiteRunner.java:329)
	at org.testng.SuiteRunner.privateRun(SuiteRunner.java:291)
	at org.testng.SuiteRunner.run(SuiteRunner.java:240)
	at org.testng.SuiteRunnerWorker.runSuite(SuiteRunnerWorker.java:52)
	at org.testng.SuiteRunnerWorker.run(SuiteRunnerWorker.java:86)
	at org.testng.TestNG.runSuitesSequentially(TestNG.java:1198)
	at org.testng.TestNG.runSuitesLocally(TestNG.java:1123)
	at org.testng.TestNG.run(TestNG.java:1031)
	at org.apache.maven.surefire.testng.TestNGExecutor.run(TestNGExecutor.java:177)
	at org.apache.maven.surefire.testng.TestNGXmlTestSuite.execute(TestNGXmlTestSuite.java:92)
	at org.apache.maven.surefire.testng.TestNGProvider.invoke(TestNGProvider.java:105)
	at sun.reflect.NativeMethodAccessorImpl.invoke0(Native Method)
	at sun.reflect.NativeMethodAccessorImpl.invoke(NativeMethodAccessorImpl.java:57)
	at sun.reflect.DelegatingMethodAccessorImpl.invoke(DelegatingMethodAccessorImpl.java:43)
	at java.lang.reflect.Method.invoke(Method.java:606)
	at org.apache.maven.surefire.util.ReflectionUtils.invokeMethodWithArray(ReflectionUtils.java:189)
	at org.apache.maven.surefire.booter.ProviderFactory$ProviderProxy.invoke(ProviderFactory.java:165)
	at org.apache.maven.surefire.booter.ProviderFactory.invokeProvider(ProviderFactory.java:85)
	at org.apache.maven.surefire.booter.ForkedBooter.runSuitesInProcess(ForkedBooter.java:103)
	at org.apache.maven.surefire.booter.ForkedBooter.main(ForkedBooter.java:74)
]]>
            </full-stacktrace>
          </exception> <!-- java.lang.NullPointerException -->
          <reporter-output>
          </reporter-output>
        </test-method> <!-- beforeTest -->
        <test-method status="SKIP" signature="testLogin()[pri:0, instance:sfdcdemo.Demo@3e7cddcb]" name="testLogin" duration-ms="1" started-at="2016-01-22T10:34:13Z" finished-at="2016-01-22T10:34:13Z">
          <reporter-output>
          </reporter-output>
        </test-method> <!-- testLogin -->
        <test-method status="SKIP" signature="afterTest()[pri:0, instance:sfdcdemo.Demo@3e7cddcb]" name="afterTest" is-config="true" duration-ms="0" started-at="2016-01-22T10:34:13Z" finished-at="2016-01-22T10:34:13Z">
          <reporter-output>
          </reporter-output>
        </test-method> <!-- afterTest -->
      </class> <!-- sfdcdemo.Demo -->
    </test> <!-- Administrator -->
  </suite> <!-- Suite -->
</testng-results>
